2026-06-26 21:42:39 [INFO]: --- Starting Integration Test ---
2026-06-26 21:42:39 [INFO]: Attempting to connect to MongoDB at: mongodb://localhost:27017/fake-reviews-detector
2026-06-26 21:42:39 [INFO]: MongoDB Connected: localhost
2026-06-26 21:42:39 [INFO]: Cleaned up previous test records.
2026-06-26 21:42:39 [INFO]: Running AI review analysis pipeline... (Note: First execution will download sentence-transformers & sentiment models from Hugging Face (~350MB). Please wait...)
2026-06-26 21:42:39 [INFO]: Starting analysis for 5 reviews
2026-06-26 21:42:39 [DEBUG]: Spawning Python process: python C:\Users\User\Desktop\TL-Backend\Team-Lunar\backend\python\analyze.py
2026-06-26 21:45:02 [INFO]: Successfully processed and saved analysis history. ID: 6a3ea586d23c6cf491d0e88e
2026-06-26 21:45:02 [INFO]: Integration Test Result Output:
2026-06-26 21:45:02 [INFO]: Checking individual reviews:
2026-06-26 21:45:02 [INFO]: Review #1 prediction: [Fake] (Confidence: 92%)
2026-06-26 21:45:02 [INFO]: Reasons: Semantic near-duplicate of another review in this batch
2026-06-26 21:45:02 [INFO]: Review #2 prediction: [Fake] (Confidence: 92%)
2026-06-26 21:45:02 [INFO]: Reasons: Semantic near-duplicate of another review in this batch
2026-06-26 21:45:02 [INFO]: Review #3 prediction: [Real] (Confidence: 75%)
2026-06-26 21:45:02 [INFO]: Reasons: Review is excessively brief, containing too little details, Highly polarized positive sentiment combined with thin generic text
2026-06-26 21:45:02 [INFO]: Review #4 prediction: [Fake] (Confidence: 84%)
2026-06-26 21:45:02 [INFO]: Reasons: Spammy keyword repetition detected for word 'buy'
2026-06-26 21:45:02 [INFO]: Review #5 prediction: [Real] (Confidence: 98%)
2026-06-26 21:45:02 [INFO]: Reasons: Natural text pattern and unique review structure
2026-06-26 21:45:02 [INFO]: Verified database record storage. Record ID: 6a3ea586d23c6cf491d0e88e
2026-06-26 21:45:02 [INFO]: --- Integration Test PASSED successfully! ---
2026-06-26 21:45:02 [WARN]: MongoDB disconnected! Attempting to reconnect...
2026-06-26 21:45:02 [INFO]: Database disconnected. Exiting test.
2026-06-26 21:48:41 [INFO]: --- Starting Integration Test ---
2026-06-26 21:48:41 [INFO]: Attempting to connect to MongoDB at: mongodb://localhost:27017/fake-reviews-detector
2026-06-26 21:48:41 [INFO]: MongoDB Connected: localhost
2026-06-26 21:48:41 [INFO]: Cleaned up previous test records.
2026-06-26 21:48:41 [INFO]: Running AI review analysis pipeline... (Note: First execution will download sentence-transformers & sentiment models from Hugging Face (~350MB). Please wait...)
2026-06-26 21:48:41 [INFO]: Starting analysis for 5 reviews
2026-06-26 21:48:41 [DEBUG]: Spawning Python process: python C:\Users\User\Desktop\TL-Backend\Team-Lunar\backend\python\analyze.py
2026-06-26 21:49:02 [INFO]: Successfully processed and saved analysis history. ID: 6a3ea67638756a862d8461cb
2026-06-26 21:49:02 [INFO]: Integration Test Result Output:
2026-06-26 21:49:02 [INFO]: Checking individual reviews:
2026-06-26 21:49:02 [INFO]: Review #1 prediction: [Fake] (Confidence: 92%)
2026-06-26 21:49:02 [INFO]: Reasons: Semantic near-duplicate of another review in this batch
2026-06-26 21:49:02 [INFO]: Review #2 prediction: [Fake] (Confidence: 92%)
2026-06-26 21:49:02 [INFO]: Reasons: Semantic near-duplicate of another review in this batch
2026-06-26 21:49:02 [INFO]: Review #3 prediction: [Real] (Confidence: 75%)
2026-06-26 21:49:02 [INFO]: Reasons: Review is excessively brief, containing too little details, Highly polarized positive sentiment combined with thin generic text
2026-06-26 21:49:02 [INFO]: Review #4 prediction: [Fake] (Confidence: 84%)
2026-06-26 21:49:02 [INFO]: Reasons: Spammy keyword repetition detected for word 'buy'
2026-06-26 21:49:02 [INFO]: Review #5 prediction: [Real] (Confidence: 98%)
2026-06-26 21:49:02 [INFO]: Reasons: Natural text pattern and unique review structure
2026-06-26 21:49:02 [INFO]: Verified database record storage. Record ID: 6a3ea67638756a862d8461cb
2026-06-26 21:49:02 [INFO]: --- Integration Test PASSED successfully! ---
2026-06-26 21:49:02 [WARN]: MongoDB disconnected! Attempting to reconnect...
2026-06-26 21:49:02 [INFO]: Database disconnected. Exiting test.
2026-06-26 21:49:55 [INFO]: Attempting to connect to MongoDB at: mongodb://localhost:27017/fake-reviews-detector
2026-06-26 21:49:55 [INFO]: Server is running in development mode on port 5000
2026-06-26 21:49:55 [INFO]: MongoDB Connected: localhost
2026-06-26 21:50:21 [ERROR]: Error: Can't find / on this server!
    at C:\Users\User\Desktop\TL-Backend\Team-Lunar\backend\app.js:63:8
    at Layer.handle [as handle_request] (C:\Users\User\Desktop\TL-Backend\Team-Lunar\backend\node_modules\express\lib\router\layer.js:95:5)
    at trim_prefix (C:\Users\User\Desktop\TL-Backend\Team-Lunar\backend\node_modules\express\lib\router\index.js:328:13)
    at C:\Users\User\Desktop\TL-Backend\Team-Lunar\backend\node_modules\express\lib\router\index.js:286:9
    at param (C:\Users\User\Desktop\TL-Backend\Team-Lunar\backend\node_modules\express\lib\router\index.js:365:14)
    at param (C:\Users\User\Desktop\TL-Backend\Team-Lunar\backend\node_modules\express\lib\router\index.js:376:14)
    at router.process_params (C:\Users\User\Desktop\TL-Backend\Team-Lunar\backend\node_modules\express\lib\router\index.js:421:3)
    at next (C:\Users\User\Desktop\TL-Backend\Team-Lunar\backend\node_modules\express\lib\router\index.js:280:10)
    at urlencodedParser (C:\Users\User\Desktop\TL-Backend\Team-Lunar\backend\node_modules\body-parser\lib\types\urlencoded.js:91:7)
    at Layer.handle [as handle_request] (C:\Users\User\Desktop\TL-Backend\Team-Lunar\backend\node_modules\express\lib\router\layer.js:95:5)
2026-06-26 21:50:21 [INFO]: [0mGET / [33m404[0m 9.104 ms - 1468[0m
2026-06-26 21:50:21 [ERROR]: Error: Can't find /favicon.ico on this server!
    at C:\Users\User\Desktop\TL-Backend\Team-Lunar\backend\app.js:63:8
    at Layer.handle [as handle_request] (C:\Users\User\Desktop\TL-Backend\Team-Lunar\backend\node_modules\express\lib\router\layer.js:95:5)
    at trim_prefix (C:\Users\User\Desktop\TL-Backend\Team-Lunar\backend\node_modules\express\lib\router\index.js:328:13)
    at C:\Users\User\Desktop\TL-Backend\Team-Lunar\backend\node_modules\express\lib\router\index.js:286:9
    at param (C:\Users\User\Desktop\TL-Backend\Team-Lunar\backend\node_modules\express\lib\router\index.js:365:14)
    at param (C:\Users\User\Desktop\TL-Backend\Team-Lunar\backend\node_modules\express\lib\router\index.js:376:14)
    at router.process_params (C:\Users\User\Desktop\TL-Backend\Team-Lunar\backend\node_modules\express\lib\router\index.js:421:3)
    at next (C:\Users\User\Desktop\TL-Backend\Team-Lunar\backend\node_modules\express\lib\router\index.js:280:10)
    at urlencodedParser (C:\Users\User\Desktop\TL-Backend\Team-Lunar\backend\node_modules\body-parser\lib\types\urlencoded.js:91:7)
    at Layer.handle [as handle_request] (C:\Users\User\Desktop\TL-Backend\Team-Lunar\backend\node_modules\express\lib\router\layer.js:95:5)
2026-06-26 21:50:21 [INFO]: [0mGET /favicon.ico [33m404[0m 3.559 ms - 1490[0m
2026-06-26 21:56:45 [INFO]: Attempting to connect to MongoDB at: mongodb://localhost:27017/fake-reviews-detector
2026-06-26 21:56:45 [INFO]: Server is running in development mode on port 5000
2026-06-26 21:56:45 [INFO]: MongoDB Connected: localhost
2026-06-26 21:56:56 [INFO]: Attempting to connect to MongoDB at: mongodb://localhost:27017/fake-reviews-detector
2026-06-26 21:56:56 [INFO]: Server is running in development mode on port 5000
2026-06-26 21:56:56 [INFO]: MongoDB Connected: localhost
2026-06-26 21:57:07 [INFO]: Attempting to connect to MongoDB at: mongodb://localhost:27017/fake-reviews-detector
2026-06-26 21:57:07 [INFO]: Server is running in development mode on port 5000
2026-06-26 21:57:07 [INFO]: MongoDB Connected: localhost
2026-06-26 21:57:50 [INFO]: Attempting to connect to MongoDB at: mongodb://localhost:27017/fake-reviews-detector
2026-06-26 21:57:50 [INFO]: Server is running in development mode on port 5000
2026-06-26 21:57:50 [INFO]: MongoDB Connected: localhost
2026-06-26 21:57:57 [INFO]: --- Starting Integration Test ---
2026-06-26 21:57:57 [INFO]: Attempting to connect to MongoDB at: mongodb://localhost:27017/fake-reviews-detector
2026-06-26 21:57:57 [INFO]: MongoDB Connected: localhost
2026-06-26 21:57:57 [INFO]: Cleaned up previous test records.
2026-06-26 21:57:57 [INFO]: Running AI review analysis pipeline...
2026-06-26 21:57:57 [INFO]: Starting analysis for 6 reviews
2026-06-26 21:57:57 [DEBUG]: Spawning Python process: python C:\Users\User\Desktop\TL-Backend\Team-Lunar\backend\python\analyze.py
2026-06-26 21:58:19 [INFO]: Successfully processed and saved analysis history. ID: 6a3ea8a3e00fba11b532055f
2026-06-26 21:58:19 [INFO]: Integration Test Result Output:
2026-06-26 21:58:19 [INFO]: Checking individual reviews:
2026-06-26 21:58:19 [INFO]: Review #1 prediction: [Fake] (Confidence: 92%)
2026-06-26 21:58:19 [INFO]: Reasons: Semantic near-duplicate of another review in this batch
2026-06-26 21:58:19 [INFO]: Review #2 prediction: [Fake] (Confidence: 92%)
2026-06-26 21:58:19 [INFO]: Reasons: Semantic near-duplicate of another review in this batch
2026-06-26 21:58:19 [INFO]: Review #3 prediction: [Real] (Confidence: 75%)
2026-06-26 21:58:20 [INFO]: Reasons: Review is excessively brief, containing too little details, Highly polarized positive sentiment combined with thin generic text
2026-06-26 21:58:20 [INFO]: Review #4 prediction: [Fake] (Confidence: 84%)
2026-06-26 21:58:20 [INFO]: Reasons: Spammy keyword repetition detected for word 'buy'
2026-06-26 21:58:20 [INFO]: Review #5 prediction: [Real] (Confidence: 98%)
2026-06-26 21:58:20 [INFO]: Reasons: Natural text pattern and unique review structure
2026-06-26 21:58:20 [INFO]: Review #6 prediction: [Real] (Confidence: 75%)
2026-06-26 21:58:20 [INFO]: Reasons: Review is excessively brief, containing too little details, Highly polarized negative sentiment combined with thin generic text
2026-06-26 21:58:20 [INFO]: Verified database record storage. Record ID: 6a3ea8a3e00fba11b532055f
2026-06-26 21:58:20 [INFO]: Testing GET /api/history...
2026-06-26 21:58:20 [INFO]: GET /api/history returned 1 records.
2026-06-26 21:58:20 [INFO]: Testing GET /api/history/6a3ea8a3e00fba11b532055f...
2026-06-26 21:58:20 [INFO]: GET /api/history/6a3ea8a3e00fba11b532055f retrieved successfully.
2026-06-26 21:58:20 [INFO]: Testing DELETE /api/history/6a3ea8a3e00fba11b532055f...
2026-06-26 21:58:20 [INFO]: DELETE /api/history/6a3ea8a3e00fba11b532055f passed (Status 204).
2026-06-26 21:58:20 [INFO]: --- Integration Test PASSED successfully! ---
2026-06-26 21:58:20 [WARN]: MongoDB disconnected! Attempting to reconnect...
2026-06-26 21:58:20 [INFO]: Database disconnected. Exiting test.
2026-06-26 22:04:51 [ERROR]: Error: Can't find / on this server!
    at C:\Users\User\Desktop\TL-Backend\Team-Lunar\backend\app.js:64:8
    at Layer.handle [as handle_request] (C:\Users\User\Desktop\TL-Backend\Team-Lunar\backend\node_modules\express\lib\router\layer.js:95:5)
    at trim_prefix (C:\Users\User\Desktop\TL-Backend\Team-Lunar\backend\node_modules\express\lib\router\index.js:328:13)
    at C:\Users\User\Desktop\TL-Backend\Team-Lunar\backend\node_modules\express\lib\router\index.js:286:9
    at param (C:\Users\User\Desktop\TL-Backend\Team-Lunar\backend\node_modules\express\lib\router\index.js:365:14)
    at param (C:\Users\User\Desktop\TL-Backend\Team-Lunar\backend\node_modules\express\lib\router\index.js:376:14)
    at router.process_params (C:\Users\User\Desktop\TL-Backend\Team-Lunar\backend\node_modules\express\lib\router\index.js:421:3)
    at next (C:\Users\User\Desktop\TL-Backend\Team-Lunar\backend\node_modules\express\lib\router\index.js:280:10)
    at urlencodedParser (C:\Users\User\Desktop\TL-Backend\Team-Lunar\backend\node_modules\body-parser\lib\types\urlencoded.js:91:7)
    at Layer.handle [as handle_request] (C:\Users\User\Desktop\TL-Backend\Team-Lunar\backend\node_modules\express\lib\router\layer.js:95:5)
2026-06-26 22:04:51 [INFO]: [0mGET / [33m404[0m 10.200 ms - 1468[0m
2026-06-26 22:04:51 [ERROR]: Error: Can't find /favicon.ico on this server!
    at C:\Users\User\Desktop\TL-Backend\Team-Lunar\backend\app.js:64:8
    at Layer.handle [as handle_request] (C:\Users\User\Desktop\TL-Backend\Team-Lunar\backend\node_modules\express\lib\router\layer.js:95:5)
    at trim_prefix (C:\Users\User\Desktop\TL-Backend\Team-Lunar\backend\node_modules\express\lib\router\index.js:328:13)
    at C:\Users\User\Desktop\TL-Backend\Team-Lunar\backend\node_modules\express\lib\router\index.js:286:9
    at param (C:\Users\User\Desktop\TL-Backend\Team-Lunar\backend\node_modules\express\lib\router\index.js:365:14)
    at param (C:\Users\User\Desktop\TL-Backend\Team-Lunar\backend\node_modules\express\lib\router\index.js:376:14)
    at router.process_params (C:\Users\User\Desktop\TL-Backend\Team-Lunar\backend\node_modules\express\lib\router\index.js:421:3)
    at next (C:\Users\User\Desktop\TL-Backend\Team-Lunar\backend\node_modules\express\lib\router\index.js:280:10)
    at urlencodedParser (C:\Users\User\Desktop\TL-Backend\Team-Lunar\backend\node_modules\body-parser\lib\types\urlencoded.js:91:7)
    at Layer.handle [as handle_request] (C:\Users\User\Desktop\TL-Backend\Team-Lunar\backend\node_modules\express\lib\router\layer.js:95:5)
2026-06-26 22:04:51 [INFO]: [0mGET /favicon.ico [33m404[0m 3.560 ms - 1490[0m
2026-06-26 22:05:58 [INFO]: [0mGET /health [32m200[0m 1.731 ms - 89[0m
2026-06-26 22:17:08 [INFO]: Attempting to connect to MongoDB at: mongodb://localhost:27017/fake-reviews-detector
2026-06-26 22:17:08 [INFO]: Server is running in development mode on port 5000
2026-06-26 22:17:08 [INFO]: MongoDB Connected: localhost
2026-06-26 22:17:14 [INFO]: Starting analysis for 4 reviews
2026-06-26 22:17:14 [DEBUG]: Spawning Python process: python C:\Users\User\Desktop\TL-Backend\Team-Lunar\backend\python\analyze.py
2026-06-26 22:17:48 [INFO]: Successfully processed and saved analysis history. ID: 6a3ead34e358a3f92639992d
2026-06-26 22:17:48 [INFO]: [0mPOST /api/analyze [32m200[0m 34558.577 ms - 893[0m
2026-06-26 22:20:55 [INFO]: Starting analysis for 4 reviews
2026-06-26 22:20:55 [DEBUG]: Spawning Python process: python C:\Users\User\Desktop\TL-Backend\Team-Lunar\backend\python\analyze.py
2026-06-26 22:21:25 [INFO]: Successfully processed and saved analysis history. ID: 6a3eae0de358a3f926399933
2026-06-26 22:21:25 [INFO]: [0mPOST /api/analyze [32m200[0m 29625.507 ms - 789[0m
2026-06-26 22:32:28 [INFO]: --- Starting Integration Test ---
2026-06-26 22:32:28 [INFO]: Attempting to connect to MongoDB at: mongodb://localhost:27017/fake-reviews-detector
2026-06-26 22:32:28 [INFO]: MongoDB Connected: localhost
2026-06-26 22:32:28 [INFO]: Cleaned up previous test records.
2026-06-26 22:32:28 [INFO]: Running AI review analysis pipeline...
2026-06-26 22:32:28 [INFO]: Starting analysis for 6 reviews
2026-06-26 22:32:28 [DEBUG]: Spawning Python process: python C:\Users\User\Desktop\TL-Backend\Team-Lunar\backend\python\analyze.py
2026-06-26 22:32:50 [INFO]: Successfully processed and saved analysis history. ID: 6a3eb0ba9fbb25a0a7c71e33
2026-06-26 22:32:50 [INFO]: Integration Test Result Output:
2026-06-26 22:32:50 [INFO]: Checking individual reviews:
2026-06-26 22:32:50 [INFO]: Review #1 prediction: [Fake] (Confidence: 92%)
2026-06-26 22:32:50 [INFO]: Reasons: Semantic near-duplicate of another review in this batch
2026-06-26 22:32:50 [INFO]: Review #2 prediction: [Fake] (Confidence: 92%)
2026-06-26 22:32:50 [INFO]: Reasons: Semantic near-duplicate of another review in this batch
2026-06-26 22:32:50 [INFO]: Review #3 prediction: [Real] (Confidence: 75%)
2026-06-26 22:32:50 [INFO]: Reasons: Review is excessively brief, containing too little details, Highly polarized positive sentiment combined with thin generic text
2026-06-26 22:32:50 [INFO]: Review #4 prediction: [Fake] (Confidence: 84%)
2026-06-26 22:32:50 [INFO]: Reasons: Spammy keyword repetition detected for word 'buy'
2026-06-26 22:32:50 [INFO]: Review #5 prediction: [Real] (Confidence: 98%)
2026-06-26 22:32:50 [INFO]: Reasons: Natural text pattern and unique review structure
2026-06-26 22:32:50 [INFO]: Review #6 prediction: [Real] (Confidence: 75%)
2026-06-26 22:32:50 [INFO]: Reasons: Review is excessively brief, containing too little details, Highly polarized negative sentiment combined with thin generic text
2026-06-26 22:32:50 [INFO]: Verified database record storage. Record ID: 6a3eb0ba9fbb25a0a7c71e33
2026-06-26 22:32:50 [INFO]: Testing GET /api/history...
2026-06-26 22:32:50 [INFO]: GET /api/history returned 3 records.
2026-06-26 22:32:50 [INFO]: Testing GET /api/history/6a3eb0ba9fbb25a0a7c71e33...
2026-06-26 22:32:50 [INFO]: GET /api/history/6a3eb0ba9fbb25a0a7c71e33 retrieved successfully.
2026-06-26 22:32:50 [INFO]: Testing DELETE /api/history/6a3eb0ba9fbb25a0a7c71e33...
2026-06-26 22:32:50 [INFO]: DELETE /api/history/6a3eb0ba9fbb25a0a7c71e33 passed (Status 204).
2026-06-26 22:32:50 [INFO]: --- Integration Test PASSED successfully! ---
2026-06-26 22:32:50 [WARN]: MongoDB disconnected! Attempting to reconnect...
2026-06-26 22:32:50 [INFO]: Database disconnected. Exiting test.
2026-06-26 23:27:20 [INFO]: Attempting to connect to MongoDB at: mongodb://localhost:27017/fake-reviews-detector
2026-06-26 23:27:20 [INFO]: Server is running in development mode on port 5000
2026-06-26 23:27:20 [INFO]: MongoDB Connected: localhost
2026-06-26 23:27:26 [INFO]: Starting analysis for 4 reviews
2026-06-26 23:27:26 [DEBUG]: Spawning Python process: python C:\Users\User\Desktop\TL-Backend\Team-Lunar\backend\python\analyze.py
2026-06-26 23:28:01 [INFO]: Successfully processed and saved analysis history. ID: 6a3ebda947e29fb63714cac8
2026-06-26 23:28:01 [INFO]: [0mPOST /api/analyze [32m200[0m 35151.361 ms - 795[0m
2026-06-27 00:08:01 [INFO]: Attempting to connect to MongoDB at: mongodb://localhost:27017/fake-reviews-detector
2026-06-27 00:08:01 [INFO]: Server is running in development mode on port 5000
2026-06-27 00:08:01 [INFO]: MongoDB Connected: localhost
2026-06-27 00:09:30 [INFO]: Starting analysis for 6 reviews
2026-06-27 00:09:30 [DEBUG]: Spawning Python process: python C:\Users\User\Desktop\TL-Backend\Team-Lunar\backend\python\analyze.py
2026-06-27 00:09:52 [INFO]: Successfully processed and saved analysis history. ID: 6a3ec778d0ad79be50423774
2026-06-27 00:09:52 [INFO]: [0mPOST /api/analyze [32m200[0m 21987.772 ms - 1587[0m
2026-06-27 00:11:08 [INFO]: [0mGET /api/history [32m200[0m 29.932 ms - 6349[0m
2026-06-27 00:11:08 [INFO]: [0mGET /api/history [36m304[0m 13.743 ms - -[0m
2026-06-27 00:26:20 [INFO]: Starting analysis for 6 reviews
2026-06-27 00:26:20 [DEBUG]: Spawning Python process: python C:\Users\User\Desktop\TL-Backend\Team-Lunar\backend\python\analyze.py
2026-06-27 00:26:43 [INFO]: Successfully processed and saved analysis history. ID: 6a3ecb6bd0ad79be504237a2
2026-06-27 00:26:43 [INFO]: [0mPOST /api/analyze [32m200[0m 23319.574 ms - 1587[0m
2026-06-27 00:27:37 [INFO]: [0mGET /api/history [32m200[0m 12.544 ms - 8754[0m
2026-06-27 00:27:37 [INFO]: [0mGET /api/history [36m304[0m 18.473 ms - -[0m
2026-06-27 00:31:26 [INFO]: [0mGET /api/history [36m304[0m 8.700 ms - -[0m
2026-06-27 00:31:26 [INFO]: [0mGET /api/history [36m304[0m 10.625 ms - -[0m
2026-06-27 00:36:00 [INFO]: Starting analysis for 3 reviews
2026-06-27 00:36:00 [DEBUG]: Spawning Python process: python C:\Users\User\Desktop\TL-Backend\Team-Lunar\backend\python\analyze.py
2026-06-27 00:36:30 [INFO]: [0mPOST /api/analyze [0m-[0m - ms - -[0m
2026-06-27 00:36:33 [INFO]: Successfully processed and saved analysis history. ID: 6a3ecdb9d0ad79be5042380e
2026-06-27 00:54:44 [INFO]: Starting analysis for 3 reviews
2026-06-27 00:54:44 [DEBUG]: Spawning Python process: python C:\Users\User\Desktop\TL-Backend\Team-Lunar\backend\python\analyze.py
2026-06-27 00:55:09 [INFO]: Successfully processed and saved analysis history. ID: 6a3ed214d0ad79be50423813
2026-06-27 00:55:09 [INFO]: [0mPOST /api/analyze [32m200[0m 24600.289 ms - 639[0m
2026-06-27 01:03:57 [INFO]: Starting analysis for 6 reviews
2026-06-27 01:03:57 [DEBUG]: Spawning Python process: python C:\Users\User\Desktop\TL-Backend\Team-Lunar\backend\python\analyze.py
2026-06-27 01:04:27 [INFO]: [0mPOST /api/analyze [0m-[0m - ms - -[0m
2026-06-27 01:04:35 [INFO]: Successfully processed and saved analysis history. ID: 6a3ed44bd0ad79be50423818
2026-06-27 01:04:35 [INFO]: Starting analysis for 6 reviews
2026-06-27 01:04:35 [DEBUG]: Spawning Python process: python C:\Users\User\Desktop\TL-Backend\Team-Lunar\backend\python\analyze.py
2026-06-27 01:05:05 [INFO]: [0mPOST /api/analyze [0m-[0m - ms - -[0m
2026-06-27 01:05:10 [INFO]: Successfully processed and saved analysis history. ID: 6a3ed46ed0ad79be50423820
2026-06-27 01:18:14 [INFO]: Starting analysis for 6 reviews
2026-06-27 01:18:14 [DEBUG]: Spawning Python process: python C:\Users\User\Desktop\TL-Backend\Team-Lunar\backend\python\analyze.py
2026-06-27 01:18:44 [INFO]: [0mPOST /api/analyze [0m-[0m - ms - -[0m
2026-06-27 01:18:45 [INFO]: Successfully processed and saved analysis history. ID: 6a3ed79dd0ad79be50423828
2026-06-27 01:18:54 [INFO]: Starting analysis for 6 reviews
2026-06-27 01:18:54 [DEBUG]: Spawning Python process: python C:\Users\User\Desktop\TL-Backend\Team-Lunar\backend\python\analyze.py
2026-06-27 01:19:24 [INFO]: [0mPOST /api/analyze [0m-[0m - ms - -[0m
2026-06-27 01:19:24 [INFO]: Successfully processed and saved analysis history. ID: 6a3ed7c4d0ad79be50423830
2026-06-27 01:22:39 [ERROR]: Error: Can't find / on this server!
    at C:\Users\User\Desktop\TL-Backend\Team-Lunar\backend\app.js:64:8
    at Layer.handle [as handle_request] (C:\Users\User\Desktop\TL-Backend\Team-Lunar\backend\node_modules\express\lib\router\layer.js:95:5)
    at trim_prefix (C:\Users\User\Desktop\TL-Backend\Team-Lunar\backend\node_modules\express\lib\router\index.js:328:13)
    at C:\Users\User\Desktop\TL-Backend\Team-Lunar\backend\node_modules\express\lib\router\index.js:286:9
    at param (C:\Users\User\Desktop\TL-Backend\Team-Lunar\backend\node_modules\express\lib\router\index.js:365:14)
    at param (C:\Users\User\Desktop\TL-Backend\Team-Lunar\backend\node_modules\express\lib\router\index.js:376:14)
    at router.process_params (C:\Users\User\Desktop\TL-Backend\Team-Lunar\backend\node_modules\express\lib\router\index.js:421:3)
    at next (C:\Users\User\Desktop\TL-Backend\Team-Lunar\backend\node_modules\express\lib\router\index.js:280:10)
    at urlencodedParser (C:\Users\User\Desktop\TL-Backend\Team-Lunar\backend\node_modules\body-parser\lib\types\urlencoded.js:91:7)
    at Layer.handle [as handle_request] (C:\Users\User\Desktop\TL-Backend\Team-Lunar\backend\node_modules\express\lib\router\layer.js:95:5)
2026-06-27 01:22:39 [INFO]: [0mGET / [33m404[0m 5.639 ms - 1468[0m
2026-06-27 01:22:39 [ERROR]: Error: Can't find /favicon.ico on this server!
    at C:\Users\User\Desktop\TL-Backend\Team-Lunar\backend\app.js:64:8
    at Layer.handle [as handle_request] (C:\Users\User\Desktop\TL-Backend\Team-Lunar\backend\node_modules\express\lib\router\layer.js:95:5)
    at trim_prefix (C:\Users\User\Desktop\TL-Backend\Team-Lunar\backend\node_modules\express\lib\router\index.js:328:13)
    at C:\Users\User\Desktop\TL-Backend\Team-Lunar\backend\node_modules\express\lib\router\index.js:286:9
    at param (C:\Users\User\Desktop\TL-Backend\Team-Lunar\backend\node_modules\express\lib\router\index.js:365:14)
    at param (C:\Users\User\Desktop\TL-Backend\Team-Lunar\backend\node_modules\express\lib\router\index.js:376:14)
    at router.process_params (C:\Users\User\Desktop\TL-Backend\Team-Lunar\backend\node_modules\express\lib\router\index.js:421:3)
    at next (C:\Users\User\Desktop\TL-Backend\Team-Lunar\backend\node_modules\express\lib\router\index.js:280:10)
    at urlencodedParser (C:\Users\User\Desktop\TL-Backend\Team-Lunar\backend\node_modules\body-parser\lib\types\urlencoded.js:91:7)
    at Layer.handle [as handle_request] (C:\Users\User\Desktop\TL-Backend\Team-Lunar\backend\node_modules\express\lib\router\layer.js:95:5)
2026-06-27 01:22:39 [INFO]: [0mGET /favicon.ico [33m404[0m 1.381 ms - 1490[0m
2026-06-27 01:22:57 [INFO]: [0mGET /health [32m200[0m 0.875 ms - 89[0m
2026-06-27 01:25:35 [INFO]: Starting analysis for 6 reviews
2026-06-27 01:25:35 [DEBUG]: Spawning Python process: python C:\Users\User\Desktop\TL-Backend\Team-Lunar\backend\python\analyze.py
2026-06-27 01:26:05 [INFO]: [0mPOST /api/analyze [0m-[0m - ms - -[0m
2026-06-27 01:26:05 [INFO]: Successfully processed and saved analysis history. ID: 6a3ed955d0ad79be50423838
2026-06-27 01:28:58 [INFO]: [0mGET /health [32m200[0m 0.723 ms - 89[0m
2026-06-27 01:29:20 [INFO]: Starting analysis for 3 reviews
2026-06-27 01:29:20 [DEBUG]: Spawning Python process: python C:\Users\User\Desktop\TL-Backend\Team-Lunar\backend\python\analyze.py
2026-06-27 01:29:44 [INFO]: Successfully processed and saved analysis history. ID: 6a3eda30d0ad79be50423840
2026-06-27 01:29:44 [INFO]: [0mPOST /api/analyze [32m200[0m 23948.556 ms - 824[0m
2026-06-27 01:34:09 [INFO]: Starting analysis for 6 reviews
2026-06-27 01:34:09 [DEBUG]: Spawning Python process: python C:\Users\User\Desktop\TL-Backend\Team-Lunar\backend\python\analyze.py
2026-06-27 01:34:46 [INFO]: Successfully processed and saved analysis history. ID: 6a3edb5ed0ad79be50423845
2026-06-27 01:34:46 [INFO]: [0mPOST /api/analyze [32m200[0m 36915.395 ms - 1587[0m
2026-06-27 08:27:59 [WARN]: MongoDB disconnected! Attempting to reconnect...
2026-06-27 08:28:09 [INFO]: MongoDB reconnected!
2026-06-27 08:35:51 [INFO]: Attempting to connect to MongoDB at: mongodb://localhost:27017/fake-reviews-detector
2026-06-27 08:35:51 [INFO]: Server is running in development mode on port 5000
2026-06-27 08:35:51 [INFO]: MongoDB Connected: localhost
2026-06-27 08:36:17 [INFO]: Attempting to connect to MongoDB at: mongodb://localhost:27017/fake-reviews-detector
2026-06-27 08:36:17 [INFO]: Server is running in development mode on port 5000
2026-06-27 08:36:17 [INFO]: MongoDB Connected: localhost
2026-06-27 08:36:43 [INFO]: Attempting to connect to MongoDB at: mongodb://localhost:27017/fake-reviews-detector
2026-06-27 08:36:43 [INFO]: Server is running in development mode on port 5000
2026-06-27 08:36:43 [INFO]: MongoDB Connected: localhost
2026-06-27 08:37:03 [INFO]: Attempting to connect to MongoDB at: mongodb://localhost:27017/fake-reviews-detector
2026-06-27 08:37:03 [INFO]: Server is running in development mode on port 5000
2026-06-27 08:37:03 [INFO]: MongoDB Connected: localhost
2026-06-27 08:37:25 [INFO]: Attempting to connect to MongoDB at: mongodb://localhost:27017/fake-reviews-detector
2026-06-27 08:37:25 [INFO]: Server is running in development mode on port 5000
2026-06-27 08:37:25 [INFO]: MongoDB Connected: localhost
2026-06-27 08:37:50 [INFO]: Attempting to connect to MongoDB at: mongodb://localhost:27017/fake-reviews-detector
2026-06-27 08:37:50 [INFO]: Server is running in development mode on port 5000
2026-06-27 08:37:50 [INFO]: MongoDB Connected: localhost
2026-06-27 08:38:08 [INFO]: Attempting to connect to MongoDB at: mongodb://localhost:27017/fake-reviews-detector
2026-06-27 08:38:08 [INFO]: Server is running in development mode on port 5000
2026-06-27 08:38:08 [INFO]: MongoDB Connected: localhost
2026-06-27 08:39:13 [INFO]: [0mGET /health [32m200[0m 1.667 ms - 89[0m
2026-06-27 08:39:13 [INFO]: Starting analysis for 3 reviews
2026-06-27 08:39:13 [DEBUG]: Spawning Python process: python C:\Users\User\Desktop\TL-Backend\Team-Lunar\backend\python\analyze.py
2026-06-27 08:39:36 [INFO]: Successfully processed and saved analysis history. ID: 6a3f3ef07c155ed4e646cea1
2026-06-27 08:39:36 [INFO]: [0mPOST /api/analyze [32m200[0m 23488.821 ms - 874[0m
2026-06-27 08:39:36 [ERROR]: Error: Request must include either "reviews" (array of strings) or "productUrl" (Amazon / Flipkart product page URL).
    at validate (C:\Users\User\Desktop\TL-Backend\Team-Lunar\backend\middlewares\validation.middleware.js:8:17)
    at Layer.handle [as handle_request] (C:\Users\User\Desktop\TL-Backend\Team-Lunar\backend\node_modules\express\lib\router\layer.js:95:5)
    at next (C:\Users\User\Desktop\TL-Backend\Team-Lunar\backend\node_modules\express\lib\router\route.js:149:13)
    at middleware (C:\Users\User\Desktop\TL-Backend\Team-Lunar\backend\node_modules\express-validator\lib\middlewares\check.js:16:13)
    at process.processTicksAndRejections (node:internal/process/task_queues:103:5)
2026-06-27 08:39:36 [INFO]: [0mPOST /api/analyze [33m400[0m 2.405 ms - 969[0m
2026-06-27 08:39:36 [ERROR]: Error: Provide either "reviews" or "productUrl", not both.
    at validate (C:\Users\User\Desktop\TL-Backend\Team-Lunar\backend\middlewares\validation.middleware.js:8:17)
    at Layer.handle [as handle_request] (C:\Users\User\Desktop\TL-Backend\Team-Lunar\backend\node_modules\express\lib\router\layer.js:95:5)
    at next (C:\Users\User\Desktop\TL-Backend\Team-Lunar\backend\node_modules\express\lib\router\route.js:149:13)
    at middleware (C:\Users\User\Desktop\TL-Backend\Team-Lunar\backend\node_modules\express-validator\lib\middlewares\check.js:16:13)
    at process.processTicksAndRejections (node:internal/process/task_queues:103:5)
2026-06-27 08:39:36 [INFO]: [0mPOST /api/analyze [33m400[0m 2.893 ms - 851[0m
2026-06-27 08:39:36 [INFO]: Product URL mode: fetching reviews for https://www.google.com/search?q=product
2026-06-27 08:39:36 [ERROR]: Error: Unsupported platform: "www.google.com". Supported platforms: Amazon (amazon.in / amazon.com) or Flipkart (flipkart.com).
    at analyzeReviews (C:\Users\User\Desktop\TL-Backend\Team-Lunar\backend\controllers\analysis.controller.js:39:11)
    at process.processTicksAndRejections (node:internal/process/task_queues:103:5)
2026-06-27 08:39:36 [INFO]: [0mPOST /api/analyze [33m400[0m 1.599 ms - 566[0m
2026-06-27 08:39:36 [INFO]: [0mGET /api/history [32m200[0m 14.630 ms - 27457[0m
2026-06-27 08:39:54 [INFO]: Product URL mode: fetching reviews for https://www.amazon.in/dp/B09XYZ1234
2026-06-27 08:39:54 [INFO]: Provider returned 12 reviews for https://www.amazon.in/dp/B09XYZ1234
2026-06-27 08:39:54 [INFO]: Starting analysis for 12 reviews
2026-06-27 08:39:54 [DEBUG]: Spawning Python process: python C:\Users\User\Desktop\TL-Backend\Team-Lunar\backend\python\analyze.py
2026-06-27 08:40:10 [INFO]: Successfully processed and saved analysis history. ID: 6a3f3f127c155ed4e646ceef
2026-06-27 08:40:10 [INFO]: [0mPOST /api/analyze [32m200[0m 15556.337 ms - 3215[0m
2026-06-27 08:45:44 [INFO]: Attempting to connect to MongoDB at: mongodb://localhost:27017/fake-reviews-detector
2026-06-27 08:45:44 [INFO]: Server is running in development mode on port 5000
2026-06-27 08:45:44 [INFO]: MongoDB Connected: localhost
2026-06-27 08:46:26 [INFO]: [0mGET /health [32m200[0m 4.940 ms - 89[0m
2026-06-27 08:54:01 [INFO]: Product URL mode: fetching reviews for https://www.amazon.in/dp/B09XYZ1234
2026-06-27 08:54:01 [INFO]: Provider returned 12 reviews for https://www.amazon.in/dp/B09XYZ1234
2026-06-27 08:54:01 [INFO]: Starting analysis for 12 reviews
2026-06-27 08:54:01 [DEBUG]: Spawning Python process: python C:\Users\User\Desktop\TL-Backend\Team-Lunar\backend\python\analyze.py
2026-06-27 08:54:21 [INFO]: Successfully processed and saved analysis history. ID: 6a3f4265b80a59bdc8c2a10b
2026-06-27 08:54:21 [INFO]: [0mPOST /api/analyze [32m200[0m 19456.036 ms - 3215[0m
2026-06-27 10:06:26 [INFO]: Attempting to connect to MongoDB at: mongodb://localhost:27017/fake-reviews-detector
2026-06-27 10:06:26 [INFO]: Server is running in development mode on port 5000
2026-06-27 10:06:26 [INFO]: MongoDB Connected: localhost
2026-06-27 10:08:17 [ERROR]: Error: Can't find /analyze on this server!
    at C:\Users\User\Desktop\TL-Backend\Team-Lunar\backend\app.js:64:8
    at Layer.handle [as handle_request] (C:\Users\User\Desktop\TL-Backend\Team-Lunar\backend\node_modules\express\lib\router\layer.js:95:5)
    at trim_prefix (C:\Users\User\Desktop\TL-Backend\Team-Lunar\backend\node_modules\express\lib\router\index.js:328:13)
    at C:\Users\User\Desktop\TL-Backend\Team-Lunar\backend\node_modules\express\lib\router\index.js:286:9
    at param (C:\Users\User\Desktop\TL-Backend\Team-Lunar\backend\node_modules\express\lib\router\index.js:365:14)
    at param (C:\Users\User\Desktop\TL-Backend\Team-Lunar\backend\node_modules\express\lib\router\index.js:376:14)
    at router.process_params (C:\Users\User\Desktop\TL-Backend\Team-Lunar\backend\node_modules\express\lib\router\index.js:421:3)
    at next (C:\Users\User\Desktop\TL-Backend\Team-Lunar\backend\node_modules\express\lib\router\index.js:280:10)
    at urlencodedParser (C:\Users\User\Desktop\TL-Backend\Team-Lunar\backend\node_modules\body-parser\lib\types\urlencoded.js:82:7)
    at Layer.handle [as handle_request] (C:\Users\User\Desktop\TL-Backend\Team-Lunar\backend\node_modules\express\lib\router\layer.js:95:5)
2026-06-27 10:08:17 [INFO]: [0mPOST /analyze [33m404[0m 21.956 ms - 1482[0m
2026-06-27 10:15:06 [INFO]: Attempting to connect to MongoDB at: mongodb://localhost:27017/fake-reviews-detector
2026-06-27 10:15:06 [INFO]: Server is running in development mode on port 5000
2026-06-27 10:15:06 [INFO]: MongoDB Connected: localhost
2026-06-27 10:15:46 [INFO]: Starting analysis for 3 reviews
2026-06-27 10:15:46 [DEBUG]: Spawning Python process: python C:\Users\User\Desktop\TL-Backend\Team-Lunar\backend\python\analyze.py
2026-06-27 10:16:36 [INFO]: Successfully processed and saved analysis history. ID: 6a3f55aced90f084e229be3f
2026-06-27 10:16:36 [INFO]: [0mPOST /analyze [32m200[0m 50514.881 ms - 869[0m
2026-06-27 10:16:46 [INFO]: Product URL mode: fetching reviews for https://www.amazon.in/dp/B09XYZ1234
2026-06-27 10:16:46 [INFO]: Provider returned 12 reviews for https://www.amazon.in/dp/B09XYZ1234
2026-06-27 10:16:46 [INFO]: Starting analysis for 12 reviews
2026-06-27 10:16:46 [DEBUG]: Spawning Python process: python C:\Users\User\Desktop\TL-Backend\Team-Lunar\backend\python\analyze.py
2026-06-27 10:17:21 [INFO]: Successfully processed and saved analysis history. ID: 6a3f55d9ed90f084e229be44
2026-06-27 10:17:21 [INFO]: [0mPOST /analyze [32m200[0m 35539.264 ms - 3215[0m
2026-06-27 10:18:25 [INFO]: Attempting to connect to MongoDB at: mongodb://localhost:27017/fake-reviews-detector
2026-06-27 10:18:25 [INFO]: Server is running in development mode on port 5000
2026-06-27 10:18:25 [INFO]: MongoDB Connected: localhost
2026-06-27 10:19:30 [INFO]: Starting analysis for 5 reviews
2026-06-27 10:19:30 [DEBUG]: Spawning Python process: python C:\Users\User\Desktop\TL-Backend\Team-Lunar\backend\python\analyze.py
2026-06-27 10:19:56 [INFO]: Successfully processed and saved analysis history. ID: 6a3f5674beb526cb38062c11
2026-06-27 10:19:56 [INFO]: [0mPOST /analyze [32m200[0m 26343.814 ms - 1654[0m
2026-06-27 10:20:29 [INFO]: Starting analysis for 5 reviews
2026-06-27 10:20:29 [DEBUG]: Spawning Python process: python C:\Users\User\Desktop\TL-Backend\Team-Lunar\backend\python\analyze.py
2026-06-27 10:20:34 [INFO]: [0mPOST /analyze [0m-[0m - ms - -[0m
2026-06-27 10:20:41 [INFO]: Starting analysis for 6 reviews
2026-06-27 10:20:41 [DEBUG]: Spawning Python process: python C:\Users\User\Desktop\TL-Backend\Team-Lunar\backend\python\analyze.py
2026-06-27 10:20:56 [INFO]: Successfully processed and saved analysis history. ID: 6a3f56b0beb526cb38062c18
2026-06-27 10:21:06 [INFO]: Successfully processed and saved analysis history. ID: 6a3f56babeb526cb38062c1f
2026-06-27 10:21:06 [INFO]: [0mPOST /analyze [32m200[0m 24903.405 ms - 1817[0m
2026-06-27 10:23:14 [INFO]: Starting analysis for 5 reviews
2026-06-27 10:23:14 [DEBUG]: Spawning Python process: python C:\Users\User\Desktop\TL-Backend\Team-Lunar\backend\python\analyze.py
2026-06-27 10:23:42 [INFO]: Successfully processed and saved analysis history. ID: 6a3f5756beb526cb38062c27
2026-06-27 10:23:42 [INFO]: [0mPOST /analyze [32m200[0m 27393.542 ms - 1654[0m
2026-06-27 10:24:11 [INFO]: Starting analysis for 3 reviews
2026-06-27 10:24:11 [DEBUG]: Spawning Python process: python C:\Users\User\Desktop\TL-Backend\Team-Lunar\backend\python\analyze.py
2026-06-27 10:24:38 [INFO]: Successfully processed and saved analysis history. ID: 6a3f578ebeb526cb38062c2e
2026-06-27 10:24:38 [INFO]: [0mPOST /analyze [32m200[0m 26298.110 ms - 982[0m
2026-06-27 10:34:11 [INFO]: Starting analysis for 6 reviews
2026-06-27 10:34:11 [DEBUG]: Spawning Python process: python C:\Users\User\Desktop\TL-Backend\Team-Lunar\backend\python\analyze.py
2026-06-27 10:34:38 [INFO]: Successfully processed and saved analysis history. ID: 6a3f59e6beb526cb38062c33
2026-06-27 10:34:38 [INFO]: [0mPOST /analyze [32m200[0m 27433.827 ms - 1817[0m
2026-06-27 10:39:07 [ERROR]: Error: Can't find / on this server!
    at C:\Users\User\Desktop\TL-Backend\Team-Lunar\backend\app.js:64:8
    at Layer.handle [as handle_request] (C:\Users\User\Desktop\TL-Backend\Team-Lunar\backend\node_modules\express\lib\router\layer.js:95:5)
    at trim_prefix (C:\Users\User\Desktop\TL-Backend\Team-Lunar\backend\node_modules\express\lib\router\index.js:328:13)
    at C:\Users\User\Desktop\TL-Backend\Team-Lunar\backend\node_modules\express\lib\router\index.js:286:9
    at param (C:\Users\User\Desktop\TL-Backend\Team-Lunar\backend\node_modules\express\lib\router\index.js:365:14)
    at param (C:\Users\User\Desktop\TL-Backend\Team-Lunar\backend\node_modules\express\lib\router\index.js:376:14)
    at router.process_params (C:\Users\User\Desktop\TL-Backend\Team-Lunar\backend\node_modules\express\lib\router\index.js:421:3)
    at next (C:\Users\User\Desktop\TL-Backend\Team-Lunar\backend\node_modules\express\lib\router\index.js:280:10)
    at C:\Users\User\Desktop\TL-Backend\Team-Lunar\backend\node_modules\express\lib\router\index.js:646:15
    at next (C:\Users\User\Desktop\TL-Backend\Team-Lunar\backend\node_modules\express\lib\router\index.js:265:14)
2026-06-27 10:39:07 [INFO]: [0mGET / [33m404[0m 3.334 ms - 1417[0m
2026-06-27 10:39:07 [ERROR]: Error: Can't find /favicon.ico on this server!
    at C:\Users\User\Desktop\TL-Backend\Team-Lunar\backend\app.js:64:8
    at Layer.handle [as handle_request] (C:\Users\User\Desktop\TL-Backend\Team-Lunar\backend\node_modules\express\lib\router\layer.js:95:5)
    at trim_prefix (C:\Users\User\Desktop\TL-Backend\Team-Lunar\backend\node_modules\express\lib\router\index.js:328:13)
    at C:\Users\User\Desktop\TL-Backend\Team-Lunar\backend\node_modules\express\lib\router\index.js:286:9
    at param (C:\Users\User\Desktop\TL-Backend\Team-Lunar\backend\node_modules\express\lib\router\index.js:365:14)
    at param (C:\Users\User\Desktop\TL-Backend\Team-Lunar\backend\node_modules\express\lib\router\index.js:376:14)
    at router.process_params (C:\Users\User\Desktop\TL-Backend\Team-Lunar\backend\node_modules\express\lib\router\index.js:421:3)
    at next (C:\Users\User\Desktop\TL-Backend\Team-Lunar\backend\node_modules\express\lib\router\index.js:280:10)
    at C:\Users\User\Desktop\TL-Backend\Team-Lunar\backend\node_modules\express\lib\router\index.js:646:15
    at next (C:\Users\User\Desktop\TL-Backend\Team-Lunar\backend\node_modules\express\lib\router\index.js:265:14)
2026-06-27 10:39:07 [INFO]: [0mGET /favicon.ico [33m404[0m 1.215 ms - 1439[0m
2026-06-27 10:40:14 [INFO]: Starting analysis for 5 reviews
2026-06-27 10:40:14 [DEBUG]: Spawning Python process: python C:\Users\User\Desktop\TL-Backend\Team-Lunar\backend\python\analyze.py
2026-06-27 10:40:37 [INFO]: Successfully processed and saved analysis history. ID: 6a3f5b4dbeb526cb38062c3b
2026-06-27 10:40:37 [INFO]: [0mPOST /analyze [32m200[0m 22342.420 ms - 1654[0m
2026-06-27 10:46:03 [INFO]: Starting analysis for 5 reviews
2026-06-27 10:46:03 [DEBUG]: Spawning Python process: python C:\Users\User\Desktop\TL-Backend\Team-Lunar\backend\python\analyze.py
2026-06-27 10:46:25 [INFO]: Successfully processed and saved analysis history. ID: 6a3f5ca9beb526cb38062c42
2026-06-27 10:46:25 [INFO]: [0mPOST /analyze [32m200[0m 22133.413 ms - 1654[0m
2026-06-27 10:52:32 [INFO]: Starting analysis for 5 reviews
2026-06-27 10:52:32 [DEBUG]: Spawning Python process: python C:\Users\User\Desktop\TL-Backend\Team-Lunar\backend\python\analyze.py
2026-06-27 10:52:53 [INFO]: Successfully processed and saved analysis history. ID: 6a3f5e2dbeb526cb38062c49
2026-06-27 10:52:53 [INFO]: [0mPOST /analyze [32m200[0m 20336.374 ms - 1654[0m
2026-06-27 10:58:20 [INFO]: Starting analysis for 5 reviews
2026-06-27 10:58:20 [DEBUG]: Spawning Python process: python C:\Users\User\Desktop\TL-Backend\Team-Lunar\backend\python\analyze.py
2026-06-27 10:58:44 [INFO]: Successfully processed and saved analysis history. ID: 6a3f5f8cbeb526cb38062c50
2026-06-27 10:58:44 [INFO]: [0mPOST /analyze [32m200[0m 24206.289 ms - 1654[0m
2026-06-27 11:00:53 [INFO]: Starting analysis for 5 reviews
2026-06-27 11:00:53 [DEBUG]: Spawning Python process: python C:\Users\User\Desktop\TL-Backend\Team-Lunar\backend\python\analyze.py
2026-06-27 11:01:25 [INFO]: Successfully processed and saved analysis history. ID: 6a3f602dbeb526cb38062c57
2026-06-27 11:01:25 [INFO]: [0mPOST /analyze [32m200[0m 32333.590 ms - 1654[0m
2026-06-27 11:11:53 [INFO]: Starting analysis for 5 reviews
2026-06-27 11:11:53 [DEBUG]: Spawning Python process: python C:\Users\User\Desktop\TL-Backend\Team-Lunar\backend\python\analyze.py
2026-06-27 11:12:20 [INFO]: Successfully processed and saved analysis history. ID: 6a3f62bcbeb526cb38062c5e
2026-06-27 11:12:20 [INFO]: [0mPOST /analyze [32m200[0m 27142.075 ms - 1654[0m
2026-06-27 11:16:14 [INFO]: Starting analysis for 6 reviews
2026-06-27 11:16:14 [DEBUG]: Spawning Python process: python C:\Users\User\Desktop\TL-Backend\Team-Lunar\backend\python\analyze.py
2026-06-27 11:16:50 [INFO]: Successfully processed and saved analysis history. ID: 6a3f63cabeb526cb38062c65
2026-06-27 11:16:50 [INFO]: [0mPOST /analyze [32m200[0m 35745.894 ms - 1817[0m
2026-06-27 11:26:15 [INFO]: Starting analysis for 6 reviews
2026-06-27 11:26:15 [DEBUG]: Spawning Python process: python C:\Users\User\Desktop\TL-Backend\Team-Lunar\backend\python\analyze.py
2026-06-27 11:26:43 [INFO]: Successfully processed and saved analysis history. ID: 6a3f661bbeb526cb38062c6d
2026-06-27 11:26:43 [INFO]: [0mPOST /analyze [32m200[0m 28441.906 ms - 1817[0m
2026-06-27 11:29:15 [INFO]: Starting analysis for 6 reviews
2026-06-27 11:29:15 [DEBUG]: Spawning Python process: python C:\Users\User\Desktop\TL-Backend\Team-Lunar\backend\python\analyze.py
2026-06-27 11:29:44 [INFO]: Successfully processed and saved analysis history. ID: 6a3f66d0beb526cb38062c75
2026-06-27 11:29:44 [INFO]: [0mPOST /analyze [32m200[0m 29277.082 ms - 1817[0m
2026-06-27 11:44:37 [INFO]: Starting analysis for 6 reviews
2026-06-27 11:44:37 [DEBUG]: Spawning Python process: python C:\Users\User\Desktop\TL-Backend\Team-Lunar\backend\python\analyze.py
2026-06-27 11:44:55 [INFO]: Successfully processed and saved analysis history. ID: 6a3f6a5fbeb526cb38062c7d
2026-06-27 11:44:55 [INFO]: [0mPOST /analyze [32m200[0m 18780.902 ms - 1817[0m
2026-06-27 11:46:17 [INFO]: Starting analysis for 4 reviews
2026-06-27 11:46:17 [DEBUG]: Spawning Python process: python C:\Users\User\Desktop\TL-Backend\Team-Lunar\backend\python\analyze.py
2026-06-27 11:46:37 [INFO]: Successfully processed and saved analysis history. ID: 6a3f6ac5beb526cb38062c85
2026-06-27 11:46:37 [INFO]: [0mPOST /analyze [32m200[0m 19468.268 ms - 1256[0m
2026-06-27 11:52:42 [INFO]: Starting analysis for 5 reviews
2026-06-27 11:52:42 [DEBUG]: Spawning Python process: python C:\Users\User\Desktop\TL-Backend\Team-Lunar\backend\python\analyze.py
2026-06-27 11:53:02 [INFO]: Successfully processed and saved analysis history. ID: 6a3f6c46beb526cb38062c8b
2026-06-27 11:53:02 [INFO]: [0mPOST /analyze [32m200[0m 20233.891 ms - 1654[0m
2026-06-27 11:54:32 [INFO]: Starting analysis for 5 reviews
2026-06-27 11:54:32 [DEBUG]: Spawning Python process: python C:\Users\User\Desktop\TL-Backend\Team-Lunar\backend\python\analyze.py
2026-06-27 11:55:02 [INFO]: Successfully processed and saved analysis history. ID: 6a3f6cbebeb526cb38062c92
2026-06-27 11:55:02 [INFO]: [0mPOST /analyze [32m200[0m 29254.552 ms - 1654[0m
2026-06-27 11:57:45 [INFO]: Starting analysis for 5 reviews
2026-06-27 11:57:45 [DEBUG]: Spawning Python process: python C:\Users\User\Desktop\TL-Backend\Team-Lunar\backend\python\analyze.py
2026-06-27 11:58:03 [INFO]: Successfully processed and saved analysis history. ID: 6a3f6d73beb526cb38062c99
2026-06-27 11:58:03 [INFO]: [0mPOST /analyze [32m200[0m 18085.551 ms - 1654[0m
2026-06-27 11:58:40 [INFO]: Starting analysis for 3 reviews
2026-06-27 11:58:40 [DEBUG]: Spawning Python process: python C:\Users\User\Desktop\TL-Backend\Team-Lunar\backend\python\analyze.py
2026-06-27 11:59:00 [INFO]: Successfully processed and saved analysis history. ID: 6a3f6dacbeb526cb38062ca0
2026-06-27 11:59:00 [INFO]: [0mPOST /analyze [32m200[0m 19762.667 ms - 982[0m
2026-06-27 11:59:31 [INFO]: Starting analysis for 6 reviews
2026-06-27 11:59:31 [DEBUG]: Spawning Python process: python C:\Users\User\Desktop\TL-Backend\Team-Lunar\backend\python\analyze.py
2026-06-27 11:59:51 [INFO]: Successfully processed and saved analysis history. ID: 6a3f6ddfbeb526cb38062ca5
2026-06-27 11:59:51 [INFO]: [0mPOST /analyze [32m200[0m 19835.094 ms - 1817[0m
2026-06-27 12:00:57 [INFO]: Starting analysis for 5 reviews
2026-06-27 12:00:57 [DEBUG]: Spawning Python process: python C:\Users\User\Desktop\TL-Backend\Team-Lunar\backend\python\analyze.py
2026-06-27 12:01:27 [INFO]: Successfully processed and saved analysis history. ID: 6a3f6e3fbeb526cb38062cad
2026-06-27 12:01:27 [INFO]: [0mPOST /analyze [32m200[0m 29955.368 ms - 1654[0m
2026-06-27 12:01:40 [INFO]: Starting analysis for 5 reviews
2026-06-27 12:01:40 [DEBUG]: Spawning Python process: python C:\Users\User\Desktop\TL-Backend\Team-Lunar\backend\python\analyze.py
2026-06-27 12:02:07 [INFO]: Successfully processed and saved analysis history. ID: 6a3f6e67beb526cb38062cb4
2026-06-27 12:02:07 [INFO]: [0mPOST /analyze [32m200[0m 27823.691 ms - 1654[0m
2026-06-27 12:05:29 [INFO]: Starting analysis for 3 reviews
2026-06-27 12:05:29 [DEBUG]: Spawning Python process: python C:\Users\User\Desktop\TL-Backend\Team-Lunar\backend\python\analyze.py
2026-06-27 12:05:58 [INFO]: Successfully processed and saved analysis history. ID: 6a3f6f4ebeb526cb38062cbb
2026-06-27 12:05:58 [INFO]: [0mPOST /analyze [32m200[0m 28415.044 ms - 982[0m
2026-06-27 12:07:15 [INFO]: Starting analysis for 4 reviews
2026-06-27 12:07:15 [DEBUG]: Spawning Python process: python C:\Users\User\Desktop\TL-Backend\Team-Lunar\backend\python\analyze.py
2026-06-27 12:07:35 [INFO]: Successfully processed and saved analysis history. ID: 6a3f6fafbeb526cb38062cc0
2026-06-27 12:07:35 [INFO]: [0mPOST /analyze [32m200[0m 19353.770 ms - 1256[0m
2026-06-27 12:08:03 [INFO]: Starting analysis for 3 reviews
2026-06-27 12:08:03 [DEBUG]: Spawning Python process: python C:\Users\User\Desktop\TL-Backend\Team-Lunar\backend\python\analyze.py
2026-06-27 12:08:24 [INFO]: Successfully processed and saved analysis history. ID: 6a3f6fe0beb526cb38062cc6
2026-06-27 12:08:24 [INFO]: [0mPOST /analyze [32m200[0m 20867.073 ms - 982[0m
2026-06-27 12:09:10 [INFO]: Starting analysis for 3 reviews
2026-06-27 12:09:10 [DEBUG]: Spawning Python process: python C:\Users\User\Desktop\TL-Backend\Team-Lunar\backend\python\analyze.py
2026-06-27 12:09:32 [INFO]: Successfully processed and saved analysis history. ID: 6a3f7024beb526cb38062ccb
2026-06-27 12:09:32 [INFO]: [0mPOST /analyze [32m200[0m 21962.816 ms - 982[0m
2026-06-27 12:11:26 [INFO]: Starting analysis for 3 reviews
2026-06-27 12:11:26 [DEBUG]: Spawning Python process: python C:\Users\User\Desktop\TL-Backend\Team-Lunar\backend\python\analyze.py
2026-06-27 12:11:51 [INFO]: Successfully processed and saved analysis history. ID: 6a3f70afbeb526cb38062cd0
2026-06-27 12:11:51 [INFO]: [0mPOST /analyze [32m200[0m 24585.860 ms - 982[0m
2026-06-27 12:13:44 [INFO]: Starting analysis for 4 reviews
2026-06-27 12:13:44 [DEBUG]: Spawning Python process: python C:\Users\User\Desktop\TL-Backend\Team-Lunar\backend\python\analyze.py
2026-06-27 12:14:05 [INFO]: Successfully processed and saved analysis history. ID: 6a3f7135beb526cb38062cd5
2026-06-27 12:14:05 [INFO]: [0mPOST /analyze [32m200[0m 21084.025 ms - 1256[0m
2026-06-27 12:14:26 [INFO]: Starting analysis for 3 reviews
2026-06-27 12:14:26 [DEBUG]: Spawning Python process: python C:\Users\User\Desktop\TL-Backend\Team-Lunar\backend\python\analyze.py
2026-06-27 12:14:45 [INFO]: Successfully processed and saved analysis history. ID: 6a3f715dbeb526cb38062cdb
2026-06-27 12:14:45 [INFO]: [0mPOST /analyze [32m200[0m 19636.086 ms - 982[0m
2026-06-27 12:16:55 [INFO]: Starting analysis for 5 reviews
2026-06-27 12:16:55 [DEBUG]: Spawning Python process: python C:\Users\User\Desktop\TL-Backend\Team-Lunar\backend\python\analyze.py
2026-06-27 12:17:23 [INFO]: Successfully processed and saved analysis history. ID: 6a3f71fbbeb526cb38062ce0
2026-06-27 12:17:23 [INFO]: [0mPOST /analyze [32m200[0m 28882.764 ms - 1654[0m
2026-06-27 12:17:51 [INFO]: Starting analysis for 6 reviews
2026-06-27 12:17:51 [DEBUG]: Spawning Python process: python C:\Users\User\Desktop\TL-Backend\Team-Lunar\backend\python\analyze.py
2026-06-27 12:18:20 [INFO]: Successfully processed and saved analysis history. ID: 6a3f7234beb526cb38062ce7
2026-06-27 12:18:20 [INFO]: [0mPOST /analyze [32m200[0m 28245.105 ms - 1817[0m
2026-06-27 12:27:03 [INFO]: Starting analysis for 10 reviews
2026-06-27 12:27:03 [DEBUG]: Spawning Python process: python C:\Users\User\Desktop\TL-Backend\Team-Lunar\backend\python\analyze.py
2026-06-27 12:27:23 [INFO]: Successfully processed and saved analysis history. ID: 6a3f7453beb526cb38062cef
2026-06-27 12:27:23 [INFO]: [0mPOST /analyze [32m200[0m 19652.000 ms - 2798[0m
2026-06-27 12:29:16 [INFO]: Starting analysis for 10 reviews
2026-06-27 12:29:16 [DEBUG]: Spawning Python process: python C:\Users\User\Desktop\TL-Backend\Team-Lunar\backend\python\analyze.py
2026-06-27 12:29:45 [INFO]: Successfully processed and saved analysis history. ID: 6a3f74e1beb526cb38062cfb
2026-06-27 12:29:45 [INFO]: [0mPOST /analyze [32m200[0m 28964.019 ms - 2537[0m
2026-06-27 12:31:48 [INFO]: Starting analysis for 10 reviews
2026-06-27 12:31:48 [DEBUG]: Spawning Python process: python C:\Users\User\Desktop\TL-Backend\Team-Lunar\backend\python\analyze.py
2026-06-27 12:32:18 [INFO]: Successfully processed and saved analysis history. ID: 6a3f757abeb526cb38062d07
2026-06-27 12:32:18 [INFO]: [0mPOST /analyze [32m200[0m 29253.476 ms - 2968[0m
2026-06-27 12:32:58 [INFO]: Attempting to connect to MongoDB at: mongodb://localhost:27017/fake-reviews-detector
2026-06-27 12:32:58 [INFO]: Server is running in development mode on port 5000
2026-06-27 12:32:58 [INFO]: MongoDB Connected: localhost
2026-06-27 12:34:01 [INFO]: Starting analysis for 10 reviews
2026-06-27 12:34:01 [DEBUG]: Spawning Python process: python C:\Users\User\Desktop\TL-Backend\Team-Lunar\backend\python\analyze.py
2026-06-27 12:34:29 [INFO]: Successfully processed and saved analysis history. ID: 6a3f75fd1b6dae17de08899b
2026-06-27 12:34:29 [INFO]: [0mPOST /analyze [32m200[0m 28441.671 ms - 2968[0m
2026-06-27 12:41:03 [INFO]: Starting analysis for 10 reviews
2026-06-27 12:41:03 [DEBUG]: Spawning Python process: python C:\Users\User\Desktop\TL-Backend\Team-Lunar\backend\python\analyze.py
2026-06-27 12:41:27 [INFO]: Successfully processed and saved analysis history. ID: 6a3f779f1b6dae17de0889a7
2026-06-27 12:41:27 [INFO]: [0mPOST /analyze [32m200[0m 23391.241 ms - 2798[0m
2026-06-27 12:42:29 [INFO]: Starting analysis for 10 reviews
2026-06-27 12:42:29 [DEBUG]: Spawning Python process: python C:\Users\User\Desktop\TL-Backend\Team-Lunar\backend\python\analyze.py
2026-06-27 12:42:53 [INFO]: Successfully processed and saved analysis history. ID: 6a3f77f51b6dae17de0889b3
2026-06-27 12:42:53 [INFO]: [0mPOST /analyze [32m200[0m 23423.336 ms - 2968[0m
2026-06-27 12:46:44 [INFO]: Starting analysis for 10 reviews
2026-06-27 12:46:44 [DEBUG]: Spawning Python process: python C:\Users\User\Desktop\TL-Backend\Team-Lunar\backend\python\analyze.py
2026-06-27 12:47:15 [INFO]: Successfully processed and saved analysis history. ID: 6a3f78fb1b6dae17de0889bf
2026-06-27 12:47:15 [INFO]: [0mPOST /analyze [32m200[0m 31017.578 ms - 2616[0m
2026-06-27 12:47:34 [INFO]: Starting analysis for 10 reviews
2026-06-27 12:47:34 [DEBUG]: Spawning Python process: python C:\Users\User\Desktop\TL-Backend\Team-Lunar\backend\python\analyze.py
2026-06-27 12:48:05 [INFO]: Successfully processed and saved analysis history. ID: 6a3f792d1b6dae17de0889cb
2026-06-27 12:48:05 [INFO]: [0mPOST /analyze [32m200[0m 30376.874 ms - 2968[0m
2026-06-27 12:49:35 [INFO]: Starting analysis for 10 reviews
2026-06-27 12:49:35 [DEBUG]: Spawning Python process: python C:\Users\User\Desktop\TL-Backend\Team-Lunar\backend\python\analyze.py
2026-06-27 12:50:22 [INFO]: Successfully processed and saved analysis history. ID: 6a3f79b61b6dae17de0889d7
2026-06-27 12:50:22 [INFO]: [0mPOST /analyze [32m200[0m 47334.793 ms - 2537[0m
2026-06-27 12:50:35 [INFO]: Starting analysis for 10 reviews
2026-06-27 12:50:35 [DEBUG]: Spawning Python process: python C:\Users\User\Desktop\TL-Backend\Team-Lunar\backend\python\analyze.py
2026-06-27 12:51:28 [INFO]: Successfully processed and saved analysis history. ID: 6a3f79f81b6dae17de0889e3
2026-06-27 12:51:28 [INFO]: [0mPOST /analyze [32m200[0m 52944.442 ms - 2602[0m
2026-06-27 13:08:35 [INFO]: Starting analysis for 10 reviews
2026-06-27 13:08:35 [DEBUG]: Spawning Python process: python C:\Users\User\Desktop\TL-Backend\Team-Lunar\backend\python\analyze.py
2026-06-27 13:09:26 [INFO]: Successfully processed and saved analysis history. ID: 6a3f7e2e1b6dae17de0889ef
2026-06-27 13:09:26 [INFO]: [0mPOST /analyze [32m200[0m 51643.410 ms - 2897[0m
2026-06-27 14:14:37 [INFO]: Starting analysis for 10 reviews
2026-06-27 14:14:37 [DEBUG]: Spawning Python process: python C:\Users\User\Desktop\TL-Backend\Team-Lunar\backend\python\analyze.py
2026-06-27 14:15:17 [INFO]: Successfully processed and saved analysis history. ID: 6a3f8d9d1b6dae17de0889fb
2026-06-27 14:15:17 [INFO]: [0mPOST /analyze [32m200[0m 39676.802 ms - 2897[0m
2026-06-27 15:17:07 [INFO]: Starting analysis for 10 reviews
2026-06-27 15:17:07 [DEBUG]: Spawning Python process: python C:\Users\User\Desktop\TL-Backend\Team-Lunar\backend\python\analyze.py
2026-06-27 15:17:34 [INFO]: Successfully processed and saved analysis history. ID: 6a3f9c361b6dae17de088a07
2026-06-27 15:17:34 [INFO]: [0mPOST /analyze [32m200[0m 27056.744 ms - 2807[0m
2026-06-27 16:04:55 [INFO]: Attempting to connect to MongoDB at: mongodb://localhost:27017/fake-reviews-detector
2026-06-27 16:04:55 [INFO]: Server is running in development mode on port 5000
2026-06-27 16:04:55 [INFO]: MongoDB Connected: localhost
2026-06-27 16:05:33 [INFO]: Starting analysis for 10 reviews
2026-06-27 16:05:33 [DEBUG]: Spawning Python process: python C:\Users\User\Desktop\TL-Backend\Team-Lunar\backend\python\analyze.py
2026-06-27 16:06:01 [INFO]: Successfully processed and saved analysis history. ID: 6a3fa791be03b5fe07417fd4
2026-06-27 16:06:01 [DEBUG]: [AuthenticityService] Spawning engine: python C:\Users\User\Desktop\TL-Backend\Team-Lunar\backend\python\authenticity_engine.py
2026-06-27 16:06:03 [DEBUG]: [AuthenticityService] Engine completed. SellerScore=82, AuthScore=96
2026-06-27 16:06:03 [INFO]: [0mPOST /analyze [32m200[0m 29355.583 ms - 3476[0m
2026-06-27 16:29:04 [INFO]: Starting analysis for 10 reviews
2026-06-27 16:29:04 [DEBUG]: Spawning Python process: python C:\Users\User\Desktop\TL-Backend\Team-Lunar\backend\python\analyze.py
2026-06-27 16:29:35 [INFO]: Successfully processed and saved analysis history. ID: 6a3fad16be03b5fe07417fe0
2026-06-27 16:29:35 [DEBUG]: [AuthenticityService] Spawning engine: python C:\Users\User\Desktop\TL-Backend\Team-Lunar\backend\python\authenticity_engine.py
2026-06-27 16:29:37 [DEBUG]: [AuthenticityService] Engine completed. SellerScore=82, AuthScore=96
2026-06-27 16:29:37 [INFO]: [0mPOST /analyze [32m200[0m 32659.908 ms - 3476[0m
2026-06-27 16:56:58 [INFO]: Starting analysis for 10 reviews
2026-06-27 16:56:58 [DEBUG]: Spawning Python process: python C:\Users\User\Desktop\TL-Backend\Team-Lunar\backend\python\analyze.py
2026-06-27 16:57:21 [INFO]: Successfully processed and saved analysis history. ID: 6a3fb399be03b5fe07417fec
2026-06-27 16:57:21 [DEBUG]: [AuthenticityService] Spawning engine: python C:\Users\User\Desktop\TL-Backend\Team-Lunar\backend\python\authenticity_engine.py
2026-06-27 16:57:23 [DEBUG]: [AuthenticityService] Engine completed. SellerScore=82, AuthScore=96
2026-06-27 16:57:23 [INFO]: [0mPOST /analyze [32m200[0m 25193.341 ms - 3476[0m
2026-06-27 16:58:53 [INFO]: Starting analysis for 10 reviews
2026-06-27 16:58:53 [DEBUG]: Spawning Python process: python C:\Users\User\Desktop\TL-Backend\Team-Lunar\backend\python\analyze.py
2026-06-27 16:59:28 [INFO]: Successfully processed and saved analysis history. ID: 6a3fb418be03b5fe07417ff8
2026-06-27 16:59:28 [DEBUG]: [AuthenticityService] Spawning engine: python C:\Users\User\Desktop\TL-Backend\Team-Lunar\backend\python\authenticity_engine.py
2026-06-27 16:59:31 [DEBUG]: [AuthenticityService] Engine completed. SellerScore=82, AuthScore=96
2026-06-27 16:59:31 [INFO]: [0mPOST /analyze [32m200[0m 37594.367 ms - 3407[0m
2026-06-27 17:05:09 [INFO]: Starting analysis for 10 reviews
2026-06-27 17:05:09 [DEBUG]: Spawning Python process: python C:\Users\User\Desktop\TL-Backend\Team-Lunar\backend\python\analyze.py
2026-06-27 17:05:41 [INFO]: Successfully processed and saved analysis history. ID: 6a3fb58dbe03b5fe07418004
2026-06-27 17:05:41 [DEBUG]: [AuthenticityService] Spawning engine: python C:\Users\User\Desktop\TL-Backend\Team-Lunar\backend\python\authenticity_engine.py
2026-06-27 17:05:44 [DEBUG]: [AuthenticityService] Engine completed. SellerScore=82, AuthScore=96
2026-06-27 17:05:44 [INFO]: [0mPOST /analyze [32m200[0m 35246.327 ms - 3298[0m
2026-06-27 17:24:02 [INFO]: Attempting to connect to MongoDB at: mongodb://localhost:27017/fake-reviews-detector
2026-06-27 17:24:02 [INFO]: Server is running in development mode on port 5000
2026-06-27 17:24:02 [INFO]: MongoDB Connected: localhost
2026-06-27 17:24:21 [INFO]: Attempting to connect to MongoDB at: mongodb://localhost:27017/fake-reviews-detector
2026-06-27 17:24:21 [INFO]: Server is running in development mode on port 5000
2026-06-27 17:24:21 [INFO]: MongoDB Connected: localhost
2026-06-27 17:30:07 [INFO]: Starting analysis for 10 reviews
2026-06-27 17:30:07 [DEBUG]: Spawning Python process: python C:\Users\User\Desktop\TL-Backend\Team-Lunar\backend\python\analyze.py
2026-06-27 17:30:39 [INFO]: Successfully processed and saved analysis history. ID: 6a3fbb671092c287ab104499
2026-06-27 17:30:39 [DEBUG]: [AuthenticityService] Spawning engine: python C:\Users\User\Desktop\TL-Backend\Team-Lunar\backend\python\authenticity_engine.py
2026-06-27 17:30:42 [DEBUG]: [AuthenticityService] Engine completed. SellerScore=82, AuthScore=96
2026-06-27 17:30:42 [DEBUG]: [TrustService] Spawning trust engine: python C:\Users\User\Desktop\TL-Backend\Team-Lunar\backend\python\trust_engine.py
2026-06-27 17:30:44 [INFO]: [0mPOST /analyze [32m200[0m 37647.436 ms - 4265[0m
2026-06-27 17:36:22 [INFO]: [0mGET /health [32m200[0m 0.679 ms - 89[0m
2026-06-27 17:39:14 [WARN]: MongoDB disconnected! Attempting to reconnect...
2026-06-27 17:39:24 [INFO]: MongoDB reconnected!
2026-06-27 17:42:52 [INFO]: --- Starting Integration Test ---
2026-06-27 17:42:52 [INFO]: Attempting to connect to MongoDB at: mongodb://localhost:27017/fake-reviews-detector
2026-06-27 17:42:52 [INFO]: MongoDB Connected: localhost
2026-06-27 17:42:52 [INFO]: Cleaned up previous test records.
2026-06-27 17:42:52 [INFO]: Running AI review analysis pipeline...
2026-06-27 17:42:52 [INFO]: Starting analysis for 6 reviews
2026-06-27 17:42:52 [DEBUG]: Spawning Python process: python C:\Users\User\Desktop\TL-Backend\Team-Lunar\backend\python\analyze.py
2026-06-27 17:43:20 [INFO]: Successfully processed and saved analysis history. ID: 6a3fbe606f52bb7c941fda6d
2026-06-27 17:43:20 [DEBUG]: [AuthenticityService] Spawning engine: python C:\Users\User\Desktop\TL-Backend\Team-Lunar\backend\python\authenticity_engine.py
2026-06-27 17:43:22 [DEBUG]: [AuthenticityService] Engine completed. SellerScore=61, AuthScore=81
2026-06-27 17:43:22 [DEBUG]: [TrustService] Spawning trust engine: python C:\Users\User\Desktop\TL-Backend\Team-Lunar\backend\python\trust_engine.py
2026-06-27 17:43:25 [INFO]: Integration Test Result Output:
2026-06-27 17:43:25 [INFO]: Checking individual reviews:
2026-06-27 17:43:25 [INFO]: Review #1 prediction: [Fake] (Confidence: 92%)
2026-06-27 17:43:25 [INFO]: Reasons: Semantic near-duplicate of another review in this batch
2026-06-27 17:43:25 [INFO]: Review #2 prediction: [Fake] (Confidence: 92%)
2026-06-27 17:43:25 [INFO]: Reasons: Semantic near-duplicate of another review in this batch
2026-06-27 17:43:25 [INFO]: Review #3 prediction: [Real] (Confidence: 75%)
2026-06-27 17:43:25 [INFO]: Reasons: Review is excessively brief, containing too little details, Highly polarized positive sentiment combined with thin generic text
2026-06-27 17:43:25 [INFO]: Review #4 prediction: [Fake] (Confidence: 84%)
2026-06-27 17:43:25 [INFO]: Reasons: Spammy keyword repetition detected for word 'buy'
2026-06-27 17:43:25 [INFO]: Review #5 prediction: [Real] (Confidence: 98%)
2026-06-27 17:43:25 [INFO]: Reasons: Natural text pattern and unique review structure
2026-06-27 17:43:25 [INFO]: Review #6 prediction: [Real] (Confidence: 75%)
2026-06-27 17:43:25 [INFO]: Reasons: Review is excessively brief, containing too little details, Highly polarized negative sentiment combined with thin generic text
2026-06-27 17:43:25 [INFO]: Verified database record storage. Record ID: 6a3fbe606f52bb7c941fda6d
2026-06-27 17:43:25 [INFO]: Testing GET /api/history...
2026-06-27 17:43:25 [INFO]: GET /api/history returned 72 records.
2026-06-27 17:43:25 [INFO]: Testing GET /api/history/6a3fbe606f52bb7c941fda6d...
2026-06-27 17:43:25 [INFO]: GET /api/history/6a3fbe606f52bb7c941fda6d retrieved successfully.
2026-06-27 17:43:25 [INFO]: Testing DELETE /api/history/6a3fbe606f52bb7c941fda6d...
2026-06-27 17:43:25 [INFO]: DELETE /api/history/6a3fbe606f52bb7c941fda6d passed (Status 204).
2026-06-27 17:43:25 [INFO]: --- Integration Test PASSED successfully! ---
2026-06-27 17:43:25 [WARN]: MongoDB disconnected! Attempting to reconnect...
2026-06-27 17:43:25 [INFO]: Database disconnected. Exiting test.
2026-06-27 17:49:42 [INFO]: Starting analysis for 10 reviews
2026-06-27 17:49:42 [DEBUG]: Spawning Python process: python C:\Users\User\Desktop\TL-Backend\Team-Lunar\backend\python\analyze.py
2026-06-27 17:50:03 [INFO]: Successfully processed and saved analysis history. ID: 6a3fbff31092c287ab1044a5
2026-06-27 17:50:03 [DEBUG]: [AuthenticityService] Spawning engine: python C:\Users\User\Desktop\TL-Backend\Team-Lunar\backend\python\authenticity_engine.py
2026-06-27 17:50:05 [DEBUG]: [AuthenticityService] Engine completed. SellerScore=82, AuthScore=96
2026-06-27 17:50:05 [DEBUG]: [TrustService] Spawning trust engine: python C:\Users\User\Desktop\TL-Backend\Team-Lunar\backend\python\trust_engine.py
2026-06-27 17:50:06 [INFO]: [0mPOST /analyze [32m200[0m 24280.602 ms - 4265[0m
2026-06-27 17:50:54 [INFO]: Starting analysis for 10 reviews
2026-06-27 17:50:54 [DEBUG]: Spawning Python process: python C:\Users\User\Desktop\TL-Backend\Team-Lunar\backend\python\analyze.py
2026-06-27 17:51:15 [INFO]: Successfully processed and saved analysis history. ID: 6a3fc03b1092c287ab1044b1
2026-06-27 17:51:15 [DEBUG]: [AuthenticityService] Spawning engine: python C:\Users\User\Desktop\TL-Backend\Team-Lunar\backend\python\authenticity_engine.py
2026-06-27 17:51:16 [DEBUG]: [AuthenticityService] Engine completed. SellerScore=82, AuthScore=96
2026-06-27 17:51:16 [DEBUG]: [TrustService] Spawning trust engine: python C:\Users\User\Desktop\TL-Backend\Team-Lunar\backend\python\trust_engine.py
2026-06-27 17:51:18 [INFO]: [0mPOST /analyze [32m200[0m 23618.451 ms - 4196[0m
2026-06-27 17:56:27 [INFO]: Starting analysis for 10 reviews
2026-06-27 17:56:27 [DEBUG]: Spawning Python process: python C:\Users\User\Desktop\TL-Backend\Team-Lunar\backend\python\analyze.py
2026-06-27 17:56:47 [INFO]: Successfully processed and saved analysis history. ID: 6a3fc1871092c287ab1044bd
2026-06-27 17:56:47 [DEBUG]: [AuthenticityService] Spawning engine: python C:\Users\User\Desktop\TL-Backend\Team-Lunar\backend\python\authenticity_engine.py
2026-06-27 17:56:48 [DEBUG]: [AuthenticityService] Engine completed. SellerScore=82, AuthScore=96
2026-06-27 17:56:48 [DEBUG]: [TrustService] Spawning trust engine: python C:\Users\User\Desktop\TL-Backend\Team-Lunar\backend\python\trust_engine.py
2026-06-27 17:56:50 [INFO]: [0mPOST /analyze [32m200[0m 22259.337 ms - 4265[0m
2026-06-27 18:01:40 [INFO]: Starting analysis for 10 reviews
2026-06-27 18:01:40 [DEBUG]: Spawning Python process: python C:\Users\User\Desktop\TL-Backend\Team-Lunar\backend\python\analyze.py
2026-06-27 18:02:01 [INFO]: Successfully processed and saved analysis history. ID: 6a3fc2c01092c287ab1044c9
2026-06-27 18:02:01 [DEBUG]: [AuthenticityService] Spawning engine: python C:\Users\User\Desktop\TL-Backend\Team-Lunar\backend\python\authenticity_engine.py
2026-06-27 18:02:02 [DEBUG]: [AuthenticityService] Engine completed. SellerScore=82, AuthScore=96
2026-06-27 18:02:02 [DEBUG]: [TrustService] Spawning trust engine: python C:\Users\User\Desktop\TL-Backend\Team-Lunar\backend\python\trust_engine.py
2026-06-27 18:02:03 [INFO]: [0mPOST /analyze [32m200[0m 23285.115 ms - 4265[0m
2026-06-27 18:10:37 [INFO]: Starting analysis for 10 reviews
2026-06-27 18:10:37 [DEBUG]: Spawning Python process: python C:\Users\User\Desktop\TL-Backend\Team-Lunar\backend\python\analyze.py
2026-06-27 18:10:52 [INFO]: Successfully processed and saved analysis history. ID: 6a3fc4d41092c287ab1044d5
2026-06-27 18:10:52 [DEBUG]: [AuthenticityService] Spawning engine: python C:\Users\User\Desktop\TL-Backend\Team-Lunar\backend\python\authenticity_engine.py
2026-06-27 18:10:54 [DEBUG]: [AuthenticityService] Engine completed. SellerScore=82, AuthScore=96
2026-06-27 18:10:54 [DEBUG]: [TrustService] Spawning trust engine: python C:\Users\User\Desktop\TL-Backend\Team-Lunar\backend\python\trust_engine.py
2026-06-27 18:10:55 [INFO]: [0mPOST /analyze [32m200[0m 17865.905 ms - 4265[0m
2026-06-27 18:12:06 [INFO]: Starting analysis for 10 reviews
2026-06-27 18:12:06 [DEBUG]: Spawning Python process: python C:\Users\User\Desktop\TL-Backend\Team-Lunar\backend\python\analyze.py
2026-06-27 18:12:26 [INFO]: Successfully processed and saved analysis history. ID: 6a3fc5321092c287ab1044e1
2026-06-27 18:12:26 [DEBUG]: [AuthenticityService] Spawning engine: python C:\Users\User\Desktop\TL-Backend\Team-Lunar\backend\python\authenticity_engine.py
2026-06-27 18:12:27 [DEBUG]: [AuthenticityService] Engine completed. SellerScore=82, AuthScore=96
2026-06-27 18:12:27 [DEBUG]: [TrustService] Spawning trust engine: python C:\Users\User\Desktop\TL-Backend\Team-Lunar\backend\python\trust_engine.py
2026-06-27 18:12:29 [INFO]: [0mPOST /analyze [32m200[0m 22794.745 ms - 4265[0m
2026-06-27 18:17:57 [INFO]: Attempting to connect to MongoDB at: mongodb://localhost:27017/fake-reviews-detector
2026-06-27 18:17:57 [INFO]: Server is running in development mode on port 5000
2026-06-27 18:17:57 [INFO]: MongoDB Connected: localhost
2026-06-27 18:18:09 [INFO]: Attempting to connect to MongoDB at: mongodb://localhost:27017/fake-reviews-detector
2026-06-27 18:18:09 [INFO]: Server is running in development mode on port 5000
2026-06-27 18:18:09 [INFO]: MongoDB Connected: localhost
2026-06-27 18:18:19 [INFO]: Attempting to connect to MongoDB at: mongodb://localhost:27017/fake-reviews-detector
2026-06-27 18:18:19 [INFO]: Server is running in development mode on port 5000
2026-06-27 18:18:19 [INFO]: MongoDB Connected: localhost
2026-06-27 18:21:17 [INFO]: Attempting to connect to MongoDB at: mongodb://localhost:27017/fake-reviews-detector
2026-06-27 18:21:17 [INFO]: Server is running in development mode on port 5000
2026-06-27 18:21:17 [INFO]: MongoDB Connected: localhost
2026-06-27 18:22:03 [INFO]: Attempting to connect to MongoDB at: mongodb://localhost:27017/fake-reviews-detector
2026-06-27 18:22:03 [INFO]: Server is running in development mode on port 5000
2026-06-27 18:22:03 [INFO]: MongoDB Connected: localhost
2026-06-27 18:23:26 [INFO]: Starting analysis for 10 reviews
2026-06-27 18:23:26 [DEBUG]: Spawning Python process: python C:\Users\User\Desktop\TL-Backend\Team-Lunar\backend\python\analyze.py
2026-06-27 18:23:43 [INFO]: Successfully processed and saved analysis history. ID: 6a3fc7d74dfbdddbeaef9188
2026-06-27 18:23:43 [DEBUG]: [AuthenticityService] Spawning engine: python C:\Users\User\Desktop\TL-Backend\Team-Lunar\backend\python\authenticity_engine.py
2026-06-27 18:23:44 [DEBUG]: [AuthenticityService] Engine completed. SellerScore=82, AuthScore=96
2026-06-27 18:23:44 [DEBUG]: [TrustService] Spawning trust engine: python C:\Users\User\Desktop\TL-Backend\Team-Lunar\backend\python\trust_engine.py
2026-06-27 18:23:46 [INFO]: [0mPOST /analyze [32m200[0m 19494.999 ms - 4280[0m
2026-06-27 18:24:49 [INFO]: Starting analysis for 10 reviews
2026-06-27 18:24:49 [DEBUG]: Spawning Python process: python C:\Users\User\Desktop\TL-Backend\Team-Lunar\backend\python\analyze.py
2026-06-27 18:25:10 [INFO]: Successfully processed and saved analysis history. ID: 6a3fc82e4dfbdddbeaef9194
2026-06-27 18:25:10 [DEBUG]: [AuthenticityService] Spawning engine: python C:\Users\User\Desktop\TL-Backend\Team-Lunar\backend\python\authenticity_engine.py
2026-06-27 18:25:11 [DEBUG]: [AuthenticityService] Engine completed. SellerScore=82, AuthScore=96
2026-06-27 18:25:11 [DEBUG]: [TrustService] Spawning trust engine: python C:\Users\User\Desktop\TL-Backend\Team-Lunar\backend\python\trust_engine.py
2026-06-27 18:25:12 [INFO]: [0mPOST /analyze [32m200[0m 23109.049 ms - 4280[0m
2026-06-27 18:53:28 [INFO]: Product URL mode: attempting live Apify pull for https://amzn.in/d/0h0necNh
2026-06-27 18:53:28 [INFO]: [ApifyService] Spawning apify scraper: python C:\Users\User\Desktop\TL-Backend\Team-Lunar\backend\python\apify_service.py for URL: https://amzn.in/d/0h0necNh
2026-06-27 18:53:29 [WARN]: [ApifyService] Scrape failed. Reason: APIFY_TOKEN not configured
2026-06-27 18:53:29 [INFO]: [AnalysisController] Apify failed/unavailable. Falling back to DB/mock provider.
2026-06-27 18:53:29 [INFO]: Provider returned 12 reviews for fallback.
2026-06-27 18:53:29 [INFO]: Starting analysis for 12 reviews
2026-06-27 18:53:29 [DEBUG]: Spawning Python process: python C:\Users\User\Desktop\TL-Backend\Team-Lunar\backend\python\analyze.py
2026-06-27 18:54:18 [INFO]: Successfully processed and saved analysis history. ID: 6a3fcf024dfbdddbeaef91a0
2026-06-27 18:54:18 [DEBUG]: [AuthenticityService] Spawning engine: python C:\Users\User\Desktop\TL-Backend\Team-Lunar\backend\python\authenticity_engine.py
2026-06-27 18:54:20 [DEBUG]: [AuthenticityService] Engine completed. SellerScore=74, AuthScore=92
2026-06-27 18:54:20 [DEBUG]: [TrustService] Spawning trust engine: python C:\Users\User\Desktop\TL-Backend\Team-Lunar\backend\python\trust_engine.py
2026-06-27 18:54:22 [INFO]: [0mPOST /analyze [32m200[0m 54557.177 ms - 4562[0m
2026-06-27 18:59:13 [INFO]: Attempting to connect to MongoDB at: mongodb://localhost:27017/fake-reviews-detector
2026-06-27 18:59:13 [INFO]: Server is running in development mode on port 5000
2026-06-27 18:59:13 [INFO]: MongoDB Connected: localhost
2026-06-27 19:01:59 [INFO]: Product URL mode: attempting live Apify pull for https://amzn.in/d/02h7nez0
2026-06-27 19:01:59 [INFO]: [ApifyService] Spawning apify scraper: python C:\Users\User\Desktop\TL-Backend\Team-Lunar\backend\python\apify_service.py for URL: https://amzn.in/d/02h7nez0
2026-06-27 19:02:00 [WARN]: [ApifyService] Scrape failed. Reason: APIFY_TOKEN not configured
2026-06-27 19:02:00 [INFO]: [AnalysisController] Apify failed/unavailable. Falling back to DB/mock provider.
2026-06-27 19:02:00 [INFO]: Provider returned 12 reviews for fallback.
2026-06-27 19:02:00 [INFO]: Starting analysis for 12 reviews
2026-06-27 19:02:00 [DEBUG]: Spawning Python process: python C:\Users\User\Desktop\TL-Backend\Team-Lunar\backend\python\analyze.py
2026-06-27 19:02:56 [INFO]: Successfully processed and saved analysis history. ID: 6a3fd108f1628703f8194068
2026-06-27 19:02:56 [DEBUG]: [AuthenticityService] Spawning engine: python C:\Users\User\Desktop\TL-Backend\Team-Lunar\backend\python\authenticity_engine.py
2026-06-27 19:02:58 [DEBUG]: [AuthenticityService] Engine completed. SellerScore=74, AuthScore=92
2026-06-27 19:02:58 [DEBUG]: [TrustService] Spawning trust engine: python C:\Users\User\Desktop\TL-Backend\Team-Lunar\backend\python\trust_engine.py
2026-06-27 19:03:01 [INFO]: [0mPOST /analyze [32m200[0m 62221.128 ms - 4562[0m
